<?xml version="1.0" encoding="UTF-8"?>
<testsuite xmlns:xsi="http://www.w3.org/2001/XMLSchema-instance" xsi:noNamespaceSchemaLocation="https://maven.apache.org/surefire/maven-surefire-plugin/xsd/surefire-test-report.xsd" version="3.0.2" name="com.synthtwin.exporter.FhirExporterTest" time="0.404" tests="2" errors="0" skipped="0" failures="0">
  <properties>
[...]
</properties>
  <testcase name="testExport_validJson(Path)" classname="com.synthtwin.exporter.FhirExporterTest" time="0.331"/>
  <testcase name="testExport_createsFiles(Path)" classname="com.synthtwin.exporter.FhirExporterTest" time="0.048"/>
</testsuite>